******
** ngspice-42 : Circuit level simulation program
** Compiled with Sparse Direct Linear Solver
** The U. C. Berkeley CAD Group
** Copyright 1985-1994, Regents of the University of California.
** Copyright 2001-2023, The ngspice team.
** Please get your ngspice manual from https://ngspice.sourceforge.io/docs.html
** Please file your bug-reports at http://ngspice.sourceforge.net/bugrep.html
** Creation Date: Fri Jan 19 12:29:39 UTC 2024
******

Note: No compatibility mode selected!


Circuit: cicsimgen dc

Warning: Model issue on line:
  .model xdut.xr2:rhead_model r sw_et=0 isnoisy=0 rsh=    3.45831200000000 ...
unrecognized parameter (sw_et) - ignored
unrecognized parameter (isnoisy) - ignored
unrecognized parameter (p2) - ignored
unrecognized parameter (q2) - ignored

Warning: Model issue on line:
  .model xdut.xr2:rbody_model r sw_et=0 isnoisy=0 rsh=    3.17388500000000 ...
unrecognized parameter (sw_et) - ignored
unrecognized parameter (isnoisy) - ignored
unrecognized parameter (p2) - ignored
unrecognized parameter (q2) - ignored
unrecognized parameter (p3) - ignored
unrecognized parameter (q3) - ignored

Warning: Model issue on line:
  .model xdut.xr1:rhead_model r sw_et=0 isnoisy=0 rsh=    3.45831200000000 ...
unrecognized parameter (sw_et) - ignored
unrecognized parameter (isnoisy) - ignored
unrecognized parameter (p2) - ignored
unrecognized parameter (q2) - ignored

Warning: Model issue on line:
  .model xdut.xr1:rbody_model r sw_et=0 isnoisy=0 rsh=    3.17388500000000 ...
unrecognized parameter (sw_et) - ignored
unrecognized parameter (isnoisy) - ignored
unrecognized parameter (p2) - ignored
unrecognized parameter (q2) - ignored
unrecognized parameter (p3) - ignored
unrecognized parameter (q3) - ignored

Warning: Model issue on line:
  .model xdut.xr3:rhead_model r sw_et=0 isnoisy=0 rsh=    3.45831200000000 ...
unrecognized parameter (sw_et) - ignored
unrecognized parameter (isnoisy) - ignored
unrecognized parameter (p2) - ignored
unrecognized parameter (q2) - ignored

Warning: Model issue on line:
  .model xdut.xr3:rbody_model r sw_et=0 isnoisy=0 rsh=    3.17388500000000 ...
unrecognized parameter (sw_et) - ignored
unrecognized parameter (isnoisy) - ignored
unrecognized parameter (p2) - ignored
unrecognized parameter (q2) - ignored
unrecognized parameter (p3) - ignored
unrecognized parameter (q3) - ignored


Checking parameters for BSIM 4.5 model xdut.xm6:sky130_fd_pr__nfet_01v8__model.50
Warning: Pdibl1 = -0.554955 is negative.

Checking parameters for BSIM 4.5 model xdut.xm5:sky130_fd_pr__nfet_01v8__model.50
Warning: Pdibl1 = -0.554955 is negative.

Checking parameters for BSIM 4.5 model xdut.xm6:sky130_fd_pr__nfet_01v8__model.50
Warning: Pdibl1 = -0.554955 is negative.

Checking parameters for BSIM 4.5 model xdut.xm5:sky130_fd_pr__nfet_01v8__model.50
Warning: Pdibl1 = -0.554955 is negative.
Warning: singular matrix:  check node xdut.net11

Note: Starting spice3 gmin stepping
Warning: singular matrix:  check node xdut.net10

Warning: spice3 gmin stepping failed
Note: Starting source stepping
Warning: singular matrix:  check node xdut.net10

Warning: singular matrix:  check node xdut.vbjt1

Warning: singular matrix:  check node xdut.vbjt1

Warning: source stepping failed
Note: Transient op started
Note: Transient op finished successfully
Doing analysis at TEMP = 27.000000 and TNOM = 27.000000

 Reference value : -4.00000e+01
Checking parameters for BSIM 4.5 model xdut.xm6:sky130_fd_pr__nfet_01v8__model.50
Warning: Pdibl1 = -0.554955 is negative.

Checking parameters for BSIM 4.5 model xdut.xm5:sky130_fd_pr__nfet_01v8__model.50
Warning: Pdibl1 = -0.554955 is negative.

Checking parameters for BSIM 4.5 model xdut.xm6:sky130_fd_pr__nfet_01v8__model.50
Warning: Pdibl1 = -0.554955 is negative.

Checking parameters for BSIM 4.5 model xdut.xm5:sky130_fd_pr__nfet_01v8__model.50
Warning: Pdibl1 = -0.554955 is negative.

Checking parameters for BSIM 4.5 model xdut.xm6:sky130_fd_pr__nfet_01v8__model.50
Warning: Pdibl1 = -0.554955 is negative.

Checking parameters for BSIM 4.5 model xdut.xm5:sky130_fd_pr__nfet_01v8__model.50
Warning: Pdibl1 = -0.554955 is negative.

Checking parameters for BSIM 4.5 model xdut.xm6:sky130_fd_pr__nfet_01v8__model.50
Warning: Pdibl1 = -0.554955 is negative.

Checking parameters for BSIM 4.5 model xdut.xm5:sky130_fd_pr__nfet_01v8__model.50
Warning: Pdibl1 = -0.554955 is negative.

Checking parameters for BSIM 4.5 model xdut.xm6:sky130_fd_pr__nfet_01v8__model.50
Warning: Pdibl1 = -0.554955 is negative.

Checking parameters for BSIM 4.5 model xdut.xm5:sky130_fd_pr__nfet_01v8__model.50
Warning: Pdibl1 = -0.554955 is negative.

Checking parameters for BSIM 4.5 model xdut.xm6:sky130_fd_pr__nfet_01v8__model.50
Warning: Pdibl1 = -0.554955 is negative.

Checking parameters for BSIM 4.5 model xdut.xm5:sky130_fd_pr__nfet_01v8__model.50
Warning: Pdibl1 = -0.554955 is negative.

Checking parameters for BSIM 4.5 model xdut.xm6:sky130_fd_pr__nfet_01v8__model.50
Warning: Pdibl1 = -0.554955 is negative.

Checking parameters for BSIM 4.5 model xdut.xm5:sky130_fd_pr__nfet_01v8__model.50
Warning: Pdibl1 = -0.554955 is negative.

Checking parameters for BSIM 4.5 model xdut.xm6:sky130_fd_pr__nfet_01v8__model.50
Warning: Pdibl1 = -0.554955 is negative.

Checking parameters for BSIM 4.5 model xdut.xm5:sky130_fd_pr__nfet_01v8__model.50
Warning: Pdibl1 = -0.554955 is negative.

Checking parameters for BSIM 4.5 model xdut.xm6:sky130_fd_pr__nfet_01v8__model.50
Warning: Pdibl1 = -0.554955 is negative.

Checking parameters for BSIM 4.5 model xdut.xm5:sky130_fd_pr__nfet_01v8__model.50
Warning: Pdibl1 = -0.554955 is negative.

Checking parameters for BSIM 4.5 model xdut.xm6:sky130_fd_pr__nfet_01v8__model.50
Warning: Pdibl1 = -0.554955 is negative.

Checking parameters for BSIM 4.5 model xdut.xm5:sky130_fd_pr__nfet_01v8__model.50
Warning: Pdibl1 = -0.554955 is negative.

Checking parameters for BSIM 4.5 model xdut.xm6:sky130_fd_pr__nfet_01v8__model.50
Warning: Pdibl1 = -0.554955 is negative.

Checking parameters for BSIM 4.5 model xdut.xm5:sky130_fd_pr__nfet_01v8__model.50
Warning: Pdibl1 = -0.554955 is negative.

Checking parameters for BSIM 4.5 model xdut.xm6:sky130_fd_pr__nfet_01v8__model.50
Warning: Pdibl1 = -0.554955 is negative.

Checking parameters for BSIM 4.5 model xdut.xm5:sky130_fd_pr__nfet_01v8__model.50
Warning: Pdibl1 = -0.554955 is negative.

Checking parameters for BSIM 4.5 model xdut.xm6:sky130_fd_pr__nfet_01v8__model.50
Warning: Pdibl1 = -0.554955 is negative.

Checking parameters for BSIM 4.5 model xdut.xm5:sky130_fd_pr__nfet_01v8__model.50
Warning: Pdibl1 = -0.554955 is negative.

Checking parameters for BSIM 4.5 model xdut.xm6:sky130_fd_pr__nfet_01v8__model.50
Warning: Pdibl1 = -0.554955 is negative.

Checking parameters for BSIM 4.5 model xdut.xm5:sky130_fd_pr__nfet_01v8__model.50
Warning: Pdibl1 = -0.554955 is negative.

Checking parameters for BSIM 4.5 model xdut.xm6:sky130_fd_pr__nfet_01v8__model.50
Warning: Pdibl1 = -0.554955 is negative.

Checking parameters for BSIM 4.5 model xdut.xm5:sky130_fd_pr__nfet_01v8__model.50
Warning: Pdibl1 = -0.554955 is negative.

Checking parameters for BSIM 4.5 model xdut.xm6:sky130_fd_pr__nfet_01v8__model.50
Warning: Pdibl1 = -0.554955 is negative.

Checking parameters for BSIM 4.5 model xdut.xm5:sky130_fd_pr__nfet_01v8__model.50
Warning: Pdibl1 = -0.554955 is negative.

Checking parameters for BSIM 4.5 model xdut.xm6:sky130_fd_pr__nfet_01v8__model.50
Warning: Pdibl1 = -0.554955 is negative.

Checking parameters for BSIM 4.5 model xdut.xm5:sky130_fd_pr__nfet_01v8__model.50
Warning: Pdibl1 = -0.554955 is negative.

No. of Data Rows : 17
binary raw file "dc_SchGtAttTtVt.raw"
ngspice-42 done
